<?xml version="1.0" encoding="utf-8" standalone="yes"?>
<se:solicitud xmlns:se="http://www.senasa.gov.ar/solicitud" xmlns:xsi="http://www.w3.org/2001/XMLSchema-instance" xsi:schemaLocation="http://www.senasa.gov.ar/solicitud solicitudCertCarnicos.xsd"><se:version>1.0.1</se:version><se:tropasPorProducto>true</se:tropasPorProducto><se:paisDestino>9</se:paisDestino><se:establecimiento>1567</se:establecimiento><se:lugarDestino>la matanza</se:lugarDestino><se:detalles><se:detalle><se:producto><se:codigoProducto>111056/1</se:codigoProducto><se:nombre>POLLO EVISCERADO CON MENUDOS</se:nombre></se:producto><se:tropa fechaDeCongelado="2020-04-15" fechaDeElaboracion="2020-04-15" fechaDeFaena="2020-04-15" fechaDeVencimiento="2020-04-15" numeroTropa="0" lote="200415"/><se:pesoNeto>65</se:pesoNeto><se:pesoBruto>33</se:pesoBruto><se:cantidad>10</se:cantidad><se:envasePrimario>BOLSAS/ BOLSITAS</se:envasePrimario><se:envaseSecundario>BOLSAS/ BOLSITAS</se:envaseSecundario><se:codEnvasePrimarioSENASA>6</se:codEnvasePrimarioSENASA><se:codEnvaseSecundarioSENASA>6</se:codEnvaseSecundarioSENASA><se:marca>SAPUCAI</se:marca></se:detalle></se:detalles><se:precintoSENASA>32659894/9895/9896</se:precintoSENASA><se:camion><se:tipoDeTransporte>TE</se:tipoDeTransporte><se:patenteCamion>KTG089</se:patenteCamion><se:habilitacionTransporte>2-76222</se:habilitacionTransporte></se:camion><se:temperatura>0</se:temperatura><se:territorio>AR-1</se:territorio><se:rolDelEstablecimiento>FAENADOR</se:rolDelEstablecimiento></se:solicitud>
